2016/11/16 21:49:35 [error] [exception.CHttpException.404] exception 'CHttpException' with message 'Unable to resolve the request "user/login".' in C:\app\phpStudy\www\yii\framework\web\CWebApplication.php:286
Stack trace:
#0 C:\app\phpStudy\www\yii\framework\web\CWebApplication.php(141): CWebApplication->runController('user/login')
#1 C:\app\phpStudy\www\yii\framework\base\CApplication.php(169): CWebApplication->processRequest()
#2 C:\app\phpStudy\www\yii\shop\index.php(13): CApplication->run()
#3 {main}
REQUEST_URI=/yii/shop/index.php?r=user/login
---
2016/11/16 21:50:46 [error] [exception.CHttpException.404] exception 'CHttpException' with message 'Unable to resolve the request "user/login".' in C:\app\phpStudy\www\yii\framework\web\CWebApplication.php:286
Stack trace:
#0 C:\app\phpStudy\www\yii\framework\web\CWebApplication.php(141): CWebApplication->runController('user/login')
#1 C:\app\phpStudy\www\yii\framework\base\CApplication.php(169): CWebApplication->processRequest()
#2 C:\app\phpStudy\www\yii\shop\index.php(13): CApplication->run()
#3 {main}
REQUEST_URI=/yii/shop/index.php?r=user/login
---
2016/11/16 21:50:49 [error] [exception.CHttpException.404] exception 'CHttpException' with message 'Unable to resolve the request "user/login".' in C:\app\phpStudy\www\yii\framework\web\CWebApplication.php:286
Stack trace:
#0 C:\app\phpStudy\www\yii\framework\web\CWebApplication.php(141): CWebApplication->runController('user/login')
#1 C:\app\phpStudy\www\yii\framework\base\CApplication.php(169): CWebApplication->processRequest()
#2 C:\app\phpStudy\www\yii\shop\index.php(13): CApplication->run()
#3 {main}
REQUEST_URI=/yii/shop/index.php?r=user/login
---
2016/11/16 21:51:04 [error] [exception.CHttpException.404] exception 'CHttpException' with message 'Unable to resolve the request "user/login".' in C:\app\phpStudy\www\yii\framework\web\CWebApplication.php:286
Stack trace:
#0 C:\app\phpStudy\www\yii\framework\web\CWebApplication.php(141): CWebApplication->runController('user/login')
#1 C:\app\phpStudy\www\yii\framework\base\CApplication.php(169): CWebApplication->processRequest()
#2 C:\app\phpStudy\www\yii\shop\index.php(13): CApplication->run()
#3 {main}
REQUEST_URI=/yii/shop/index.php?r=user/login
---
2016/11/16 22:02:00 [error] [php] Use of undefined constant IMG_URL - assumed 'IMG_URL' (C:\app\phpStudy\www\yii\shop\protected\controllers\UserController.php:10)
Stack trace:
#0 C:\app\phpStudy\www\yii\framework\web\CController.php(286): UserController->runAction()
#1 C:\app\phpStudy\www\yii\framework\web\CController.php(265): UserController->runActionWithFilters()
#2 C:\app\phpStudy\www\yii\framework\web\CWebApplication.php(282): UserController->run()
#3 C:\app\phpStudy\www\yii\framework\web\CWebApplication.php(141): CWebApplication->runController()
#4 C:\app\phpStudy\www\yii\framework\base\CApplication.php(169): CWebApplication->processRequest()
#5 C:\app\phpStudy\www\yii\shop\index.php(13): CWebApplication->run()
REQUEST_URI=/yii/shop/index.php?r=user/login
in C:\app\phpStudy\www\yii\shop\protected\controllers\UserController.php (10)
in C:\app\phpStudy\www\yii\shop\index.php (13)
2016/11/16 22:02:23 [error] [php] Use of undefined constant IMG_URL - assumed 'IMG_URL' (C:\app\phpStudy\www\yii\shop\protected\controllers\UserController.php:10)
Stack trace:
#0 C:\app\phpStudy\www\yii\framework\web\CController.php(286): UserController->runAction()
#1 C:\app\phpStudy\www\yii\framework\web\CController.php(265): UserController->runActionWithFilters()
#2 C:\app\phpStudy\www\yii\framework\web\CWebApplication.php(282): UserController->run()
#3 C:\app\phpStudy\www\yii\framework\web\CWebApplication.php(141): CWebApplication->runController()
#4 C:\app\phpStudy\www\yii\framework\base\CApplication.php(169): CWebApplication->processRequest()
#5 C:\app\phpStudy\www\yii\shop\index.php(13): CWebApplication->run()
REQUEST_URI=/yii/shop/index.php?r=user/login
in C:\app\phpStudy\www\yii\shop\protected\controllers\UserController.php (10)
in C:\app\phpStudy\www\yii\shop\index.php (13)
2016/11/16 22:04:02 [error] [php] Use of undefined constant IMG_URL - assumed 'IMG_URL' (C:\app\phpStudy\www\yii\shop\protected\controllers\UserController.php:10)
Stack trace:
#0 C:\app\phpStudy\www\yii\framework\web\CController.php(286): UserController->runAction()
#1 C:\app\phpStudy\www\yii\framework\web\CController.php(265): UserController->runActionWithFilters()
#2 C:\app\phpStudy\www\yii\framework\web\CWebApplication.php(282): UserController->run()
#3 C:\app\phpStudy\www\yii\framework\web\CWebApplication.php(141): CWebApplication->runController()
#4 C:\app\phpStudy\www\yii\framework\base\CApplication.php(169): CWebApplication->processRequest()
#5 C:\app\phpStudy\www\yii\shop\index.php(13): CWebApplication->run()
REQUEST_URI=/yii/shop/index.php?r=user/login
in C:\app\phpStudy\www\yii\shop\protected\controllers\UserController.php (10)
in C:\app\phpStudy\www\yii\shop\index.php (13)
2016/11/16 22:04:43 [error] [php] Use of undefined constant IMG_URL - assumed 'IMG_URL' (C:\app\phpStudy\www\yii\shop\protected\controllers\UserController.php:10)
Stack trace:
#0 C:\app\phpStudy\www\yii\framework\web\CController.php(286): UserController->runAction()
#1 C:\app\phpStudy\www\yii\framework\web\CController.php(265): UserController->runActionWithFilters()
#2 C:\app\phpStudy\www\yii\framework\web\CWebApplication.php(282): UserController->run()
#3 C:\app\phpStudy\www\yii\framework\web\CWebApplication.php(141): CWebApplication->runController()
#4 C:\app\phpStudy\www\yii\framework\base\CApplication.php(169): CWebApplication->processRequest()
#5 C:\app\phpStudy\www\yii\shop\index.php(13): CWebApplication->run()
REQUEST_URI=/yii/shop/index.php?r=user/login
in C:\app\phpStudy\www\yii\shop\protected\controllers\UserController.php (10)
in C:\app\phpStudy\www\yii\shop\index.php (13)
2016/11/16 22:04:44 [error] [php] Use of undefined constant IMG_URL - assumed 'IMG_URL' (C:\app\phpStudy\www\yii\shop\protected\controllers\UserController.php:10)
Stack trace:
#0 C:\app\phpStudy\www\yii\framework\web\CController.php(286): UserController->runAction()
#1 C:\app\phpStudy\www\yii\framework\web\CController.php(265): UserController->runActionWithFilters()
#2 C:\app\phpStudy\www\yii\framework\web\CWebApplication.php(282): UserController->run()
#3 C:\app\phpStudy\www\yii\framework\web\CWebApplication.php(141): CWebApplication->runController()
#4 C:\app\phpStudy\www\yii\framework\base\CApplication.php(169): CWebApplication->processRequest()
#5 C:\app\phpStudy\www\yii\shop\index.php(13): CWebApplication->run()
REQUEST_URI=/yii/shop/index.php?r=user/login
in C:\app\phpStudy\www\yii\shop\protected\controllers\UserController.php (10)
in C:\app\phpStudy\www\yii\shop\index.php (13)
2016/11/17 09:12:26 [error] [php] Use of undefined constant php - assumed 'php' (D:\phpStudy\www\yii\shop\protected\views\user\login.php:11)
Stack trace:
#0 D:\phpStudy\www\yii\framework\web\CController.php(869): UserController->renderFile()
#1 D:\phpStudy\www\yii\shop\protected\controllers\UserController.php(13): UserController->renderPartial()
#2 D:\phpStudy\www\yii\framework\web\actions\CInlineAction.php(49): UserController->actionLogin()
#3 D:\phpStudy\www\yii\framework\web\CController.php(308): CInlineAction->runWithParams()
#4 D:\phpStudy\www\yii\framework\web\CController.php(286): UserController->runAction()
#5 D:\phpStudy\www\yii\framework\web\CController.php(265): UserController->runActionWithFilters()
#6 D:\phpStudy\www\yii\framework\web\CWebApplication.php(282): UserController->run()
#7 D:\phpStudy\www\yii\framework\web\CWebApplication.php(141): CWebApplication->runController()
#8 D:\phpStudy\www\yii\framework\base\CApplication.php(169): CWebApplication->processRequest()
#9 D:\phpStudy\www\yii\shop\index.php(16): CWebApplication->run()
REQUEST_URI=/yii/shop/index.php?r=user/login
in D:\phpStudy\www\yii\shop\protected\views\user\login.php (11)
in D:\phpStudy\www\yii\shop\protected\controllers\UserController.php (13)
in D:\phpStudy\www\yii\shop\index.php (16)
2016/11/17 09:12:57 [error] [php] Use of undefined constant php - assumed 'php' (D:\phpStudy\www\yii\shop\protected\views\user\login.php:11)
Stack trace:
#0 D:\phpStudy\www\yii\framework\web\CController.php(869): UserController->renderFile()
#1 D:\phpStudy\www\yii\shop\protected\controllers\UserController.php(13): UserController->renderPartial()
#2 D:\phpStudy\www\yii\framework\web\actions\CInlineAction.php(49): UserController->actionLogin()
#3 D:\phpStudy\www\yii\framework\web\CController.php(308): CInlineAction->runWithParams()
#4 D:\phpStudy\www\yii\framework\web\CController.php(286): UserController->runAction()
#5 D:\phpStudy\www\yii\framework\web\CController.php(265): UserController->runActionWithFilters()
#6 D:\phpStudy\www\yii\framework\web\CWebApplication.php(282): UserController->run()
#7 D:\phpStudy\www\yii\framework\web\CWebApplication.php(141): CWebApplication->runController()
#8 D:\phpStudy\www\yii\framework\base\CApplication.php(169): CWebApplication->processRequest()
#9 D:\phpStudy\www\yii\shop\index.php(16): CWebApplication->run()
REQUEST_URI=/yii/shop/index.php?r=user/login
in D:\phpStudy\www\yii\shop\protected\views\user\login.php (11)
in D:\phpStudy\www\yii\shop\protected\controllers\UserController.php (13)
in D:\phpStudy\www\yii\shop\index.php (16)
2016/11/17 09:56:33 [error] [exception.CHttpException.404] exception 'CHttpException' with message 'The system is unable to find the requested action "categroy".' in D:\phpStudy\www\yii\framework\web\CController.php:483
Stack trace:
#0 D:\phpStudy\www\yii\framework\web\CController.php(270): CController->missingAction('categroy')
#1 D:\phpStudy\www\yii\framework\web\CWebApplication.php(282): CController->run('categroy')
#2 D:\phpStudy\www\yii\framework\web\CWebApplication.php(141): CWebApplication->runController('goods/categroy')
#3 D:\phpStudy\www\yii\framework\base\CApplication.php(169): CWebApplication->processRequest()
#4 D:\phpStudy\www\yii\shop\index.php(16): CApplication->run()
#5 {main}
REQUEST_URI=/yii/shop/index.php?r=goods/categroy
---
2016/11/17 21:04:21 [error] [php] Use of undefined constant HOUTAI_CSS_URL - assumed 'HOUTAI_CSS_URL' (C:\app\phpStudy\www\yii\shop\protected\modules\houtai\views\manager\login.php:9)
Stack trace:
#0 C:\app\phpStudy\www\yii\framework\web\CController.php(869): ManagerController->renderFile()
#1 C:\app\phpStudy\www\yii\shop\protected\modules\houtai\controllers\ManagerController.php(10): ManagerController->renderPartial()
#2 C:\app\phpStudy\www\yii\framework\web\actions\CInlineAction.php(49): ManagerController->actionLogin()
#3 C:\app\phpStudy\www\yii\framework\web\CController.php(308): CInlineAction->runWithParams()
#4 C:\app\phpStudy\www\yii\framework\web\CController.php(286): ManagerController->runAction()
#5 C:\app\phpStudy\www\yii\framework\web\CController.php(265): ManagerController->runActionWithFilters()
#6 C:\app\phpStudy\www\yii\framework\web\CWebApplication.php(282): ManagerController->run()
#7 C:\app\phpStudy\www\yii\framework\web\CWebApplication.php(141): CWebApplication->runController()
#8 C:\app\phpStudy\www\yii\framework\base\CApplication.php(169): CWebApplication->processRequest()
#9 C:\app\phpStudy\www\yii\shop\index.php(16): CWebApplication->run()
REQUEST_URI=/yii/shop/index.php?r=houtai/manager/login
in C:\app\phpStudy\www\yii\shop\protected\modules\houtai\views\manager\login.php (9)
in C:\app\phpStudy\www\yii\shop\protected\modules\houtai\controllers\ManagerController.php (10)
in C:\app\phpStudy\www\yii\shop\index.php (16)
2016/11/17 21:52:21 [error] [exception.CHttpException.404] exception 'CHttpException' with message 'The system is unable to find the requested action "index".' in C:\app\phpStudy\www\yii\framework\web\CController.php:483
Stack trace:
#0 C:\app\phpStudy\www\yii\framework\web\CController.php(270): CController->missingAction('index')
#1 C:\app\phpStudy\www\yii\framework\web\CWebApplication.php(282): CController->run('index')
#2 C:\app\phpStudy\www\yii\framework\web\CWebApplication.php(141): CWebApplication->runController('houtai/manager/...')
#3 C:\app\phpStudy\www\yii\framework\base\CApplication.php(169): CWebApplication->processRequest()
#4 C:\app\phpStudy\www\yii\shop\index.php(16): CApplication->run()
#5 {main}
REQUEST_URI=/yii/shop/index.php?r=houtai/manager/index
---
2016/11/17 21:52:42 [error] [exception.CHttpException.404] exception 'CHttpException' with message 'The system is unable to find the requested action "index".' in C:\app\phpStudy\www\yii\framework\web\CController.php:483
Stack trace:
#0 C:\app\phpStudy\www\yii\framework\web\CController.php(270): CController->missingAction('index')
#1 C:\app\phpStudy\www\yii\framework\web\CWebApplication.php(282): CController->run('index')
#2 C:\app\phpStudy\www\yii\framework\web\CWebApplication.php(141): CWebApplication->runController('houtai/index/in...')
#3 C:\app\phpStudy\www\yii\framework\base\CApplication.php(169): CWebApplication->processRequest()
#4 C:\app\phpStudy\www\yii\shop\index.php(16): CApplication->run()
#5 {main}
REQUEST_URI=/yii/shop/index.php?r=houtai/index/index
---
